<?xml version="1.0" encoding="UTF-8"?>
<testExecutions version="1">
  <file path="/home/abdua/Desktop/ZemosoTraining/React/blinklist-app/src/components/Organisms/EntrepeneushipComponent/index.test.tsx">
    <testCase name="renders Book Card author Organism" duration="804"/>
  </file>
  <file path="/home/abdua/Desktop/ZemosoTraining/React/blinklist-app/src/components/Organisms/ExploreDropDown/index.test.tsx">
    <testCase name="renders Explore drop down Organism" duration="183"/>
    <testCase name="renders Explore drop down OnClick Organism" duration="621"/>
  </file>
  <file path="/home/abdua/Desktop/ZemosoTraining/React/blinklist-app/src/components/Organisms/TabsandCardState/index.test.tsx">
    <testCase name="renders Reading Card State Organism" duration="501"/>
    <testCase name="renders finished Card State Organism" duration="89"/>
    <testCase name="renders Library Card State Organism" duration="242"/>
    <testCase name="renders Explore Card State Organism" duration="16"/>
  </file>
  <file path="/home/abdua/Desktop/ZemosoTraining/React/blinklist-app/src/components/pages/EntrepreneushipPage/index.test.tsx">
    <testCase name="renders Entrepeneuship page" duration="1952"/>
  </file>
  <file path="/home/abdua/Desktop/ZemosoTraining/React/blinklist-app/src/components/pages/LibraryPage/index.test.tsx">
    <testCase name="renders MyLibrary Page" duration="1241"/>
    <testCase name="renders MyLibrary Page2" duration="337"/>
    <testCase name="renders MyLibrary Page3" duration="452"/>
  </file>
  <file path="/home/abdua/Desktop/ZemosoTraining/React/blinklist-app/src/components/pages/BookDetailPage/index.test.tsx">
    <testCase name="renders BookDetail page" duration="1209"/>
  </file>
  <file path="/home/abdua/Desktop/ZemosoTraining/React/blinklist-app/src/App.test.tsx">
    <testCase name="renders learn react link" duration="1205"/>
  </file>
  <file path="/home/abdua/Desktop/ZemosoTraining/React/blinklist-app/src/components/Organisms/NavBar/index.test.tsx">
    <testCase name="renders NavBar Organism" duration="578"/>
  </file>
  <file path="/home/abdua/Desktop/ZemosoTraining/React/blinklist-app/src/components/atoms/ReadandFinishedButton/index.test.tsx">
    <testCase name="renders Reading button" duration="136"/>
  </file>
  <file path="/home/abdua/Desktop/ZemosoTraining/React/blinklist-app/src/components/Organisms/BookCard/index.test.tsx">
    <testCase name="renders Book Card author Organism" duration="148"/>
    <testCase name="renders Book Card title Organism" duration="37"/>
    <testCase name="renders Book Card Finished button Organism" duration="132"/>
    <testCase name="renders Book Card Read again button Organism" duration="76"/>
    <testCase name="renders Book Card Add to Library button Organism" duration="194"/>
  </file>
  <file path="/home/abdua/Desktop/ZemosoTraining/React/blinklist-app/src/components/Organisms/BookDetailComponent/index.test.tsx">
    <testCase name="renders Book Card author Organism" duration="534"/>
  </file>
  <file path="/home/abdua/Desktop/ZemosoTraining/React/blinklist-app/src/components/Organisms/Footer/index.test.tsx">
    <testCase name="renders Footer Organism" duration="220"/>
  </file>
  <file path="/home/abdua/Desktop/ZemosoTraining/React/blinklist-app/src/components/template/MyLibrarayTemplate/index.test.tsx">
    <testCase name="renders Entrepeneuship Template" duration="140"/>
  </file>
  <file path="/home/abdua/Desktop/ZemosoTraining/React/blinklist-app/src/components/Organisms/Tabs/index.test.tsx">
    <testCase name="renders Currently Reading Tab Organism" duration="505"/>
    <testCase name="renders Finished Tab Organism" duration="174"/>
  </file>
  <file path="/home/abdua/Desktop/ZemosoTraining/React/blinklist-app/src/components/molecules/TextFieldSearch/index.test.tsx">
    <testCase name="renders Text Field Search molecule" duration="130"/>
  </file>
  <file path="/home/abdua/Desktop/ZemosoTraining/React/blinklist-app/src/components/atoms/Button/index.test.tsx">
    <testCase name="renders contained button" duration="112"/>
    <testCase name="renders outlined button" duration="63"/>
  </file>
  <file path="/home/abdua/Desktop/ZemosoTraining/React/blinklist-app/src/components/template/EntrepeneushipPage/index.test.tsx">
    <testCase name="renders Entrepeneuship Template" duration="157"/>
  </file>
  <file path="/home/abdua/Desktop/ZemosoTraining/React/blinklist-app/src/components/molecules/AddToLibrary/index.test.tsx">
    <testCase name="renders Add to library molecule" duration="170"/>
  </file>
  <file path="/home/abdua/Desktop/ZemosoTraining/React/blinklist-app/src/components/atoms/TextHeader/index.test.tsx">
    <testCase name="renders Header h3" duration="82"/>
    <testCase name="renders Header h5" duration="26"/>
  </file>
  <file path="/home/abdua/Desktop/ZemosoTraining/React/blinklist-app/src/components/molecules/NavItems/index.test.tsx">
    <testCase name="renders Explore molecule" duration="184"/>
  </file>
  <file path="/home/abdua/Desktop/ZemosoTraining/React/blinklist-app/src/components/template/BookDetailTemplate/index.test.tsx">
    <testCase name="renders BookDetail Template" duration="276"/>
  </file>
  <file path="/home/abdua/Desktop/ZemosoTraining/React/blinklist-app/src/components/molecules/BookRead/index.test.tsx">
    <testCase name="renders Book Read Time molecule" duration="45"/>
  </file>
  <file path="/home/abdua/Desktop/ZemosoTraining/React/blinklist-app/src/components/atoms/Typography/index.test.tsx">
    <testCase name="renders Typography header" duration="42"/>
    <testCase name="renders Typography subtitle" duration="7"/>
    <testCase name="renders Typography h3" duration="8"/>
    <testCase name="renders Typography h2" duration="8"/>
    <testCase name="renders Typography default" duration="9"/>
  </file>
</testExecutions>